48 - 2020-08-12 09:10:28,267 - ERROR - 和平区政府
48 - 2020-08-12 09:10:35,685 - ERROR - 河北省政府
48 - 2020-08-12 09:10:38,721 - ERROR - 井陉县政府
48 - 2020-08-12 09:10:39,879 - ERROR - 正定县政府
48 - 2020-08-12 09:10:41,877 - ERROR - 深泽县政府
48 - 2020-08-12 09:10:46,132 - ERROR - 元氏县政府
48 - 2020-08-12 09:10:56,731 - ERROR - 玉田县政府
48 - 2020-08-12 09:10:56,916 - ERROR - 遵化市政府
48 - 2020-08-12 09:11:01,034 - ERROR - 昌黎县政府
48 - 2020-08-12 09:11:13,253 - ERROR - 丛台区政府
48 - 2020-08-12 09:11:57,279 - ERROR - 桥东区政府
48 - 2020-08-12 09:12:04,517 - ERROR - 平乡县政府
48 - 2020-08-12 09:12:14,819 - ERROR - 清苑区政府
48 - 2020-08-12 09:12:30,426 - ERROR - 涞水县政府
48 - 2020-08-12 09:12:33,851 - ERROR - 蠡县政府
48 - 2020-08-12 09:12:34,695 - ERROR - 雄县政府
48 - 2020-08-12 09:12:35,276 - ERROR - 定州市政府
48 - 2020-08-12 09:12:35,808 - ERROR - 高碑店市政府
48 - 2020-08-12 09:12:37,077 - ERROR - 宣化区政府
48 - 2020-08-12 09:12:37,327 - ERROR - 下花园区政府
48 - 2020-08-12 09:12:39,709 - ERROR - 蔚县政府
48 - 2020-08-12 09:12:42,112 - ERROR - 双桥区政府
48 - 2020-08-12 09:12:42,716 - ERROR - 鹰手营子矿区政府
48 - 2020-08-12 09:12:46,860 - ERROR - 沧州市政府
48 - 2020-08-12 09:12:56,397 - ERROR - 青县政府
48 - 2020-08-12 09:12:56,609 - ERROR - 东光县政府
48 - 2020-08-12 09:13:00,228 - ERROR - 盐山县政府
48 - 2020-08-12 09:13:02,995 - ERROR - 黄骅市政府
48 - 2020-08-12 09:13:34,576 - ERROR - 三河市政府
48 - 2020-08-12 09:13:37,917 - ERROR - 安平县政府
48 - 2020-08-12 09:13:38,582 - ERROR - 景县政府
48 - 2020-08-12 09:13:39,605 - ERROR - 山西省政府
48 - 2020-08-12 09:13:39,855 - ERROR - 太原市政府
48 - 2020-08-12 09:13:46,669 - ERROR - 云冈区政府
48 - 2020-08-12 09:13:48,237 - ERROR - 广灵县政府
48 - 2020-08-12 09:13:50,087 - ERROR - 城区政府
48 - 2020-08-12 09:13:50,562 - ERROR - 矿区政府
48 - 2020-08-12 09:13:50,849 - ERROR - 郊区政府
48 - 2020-08-12 09:13:51,106 - ERROR - 平定县政府
48 - 2020-08-12 09:14:11,976 - ERROR - 上党区政府
48 - 2020-08-12 09:14:16,405 - ERROR - 城区政府
48 - 2020-08-12 09:14:23,778 - ERROR - 昔阳县政府
48 - 2020-08-12 09:14:28,146 - ERROR - 稷山县政府
48 - 2020-08-12 09:14:29,867 - ERROR - 垣曲县政府
48 - 2020-08-12 09:14:31,814 - ERROR - 河津市政府
48 - 2020-08-12 09:14:32,926 - ERROR - 定襄县政府
48 - 2020-08-12 09:14:34,819 - ERROR - 静乐县政府
48 - 2020-08-12 09:14:37,172 - ERROR - 偏关县政府
48 - 2020-08-12 09:14:37,917 - ERROR - 临汾市政府
48 - 2020-08-12 09:14:38,207 - ERROR - 尧都区政府
48 - 2020-08-12 09:14:39,766 - ERROR - 洪洞县政府
48 - 2020-08-12 09:14:40,068 - ERROR - 古县政府
48 - 2020-08-12 09:14:42,807 - ERROR - 乡宁县政府
48 - 2020-08-12 09:14:45,354 - ERROR - 汾西县政府
48 - 2020-08-12 09:14:54,436 - ERROR - 内蒙古自治区政府
48 - 2020-08-12 09:14:55,720 - ERROR - 回民区政府
48 - 2020-08-12 09:15:05,847 - ERROR - 赤峰市政府
48 - 2020-08-12 09:15:10,858 - ERROR - 宁城县政府
48 - 2020-08-12 09:15:11,208 - ERROR - 敖汉旗政府
48 - 2020-08-12 09:15:12,007 - ERROR - 科尔沁区政府
48 - 2020-08-12 09:15:15,705 - ERROR - 鄂尔多斯市政府
48 - 2020-08-12 09:15:36,828 - ERROR - 商都县政府
48 - 2020-08-12 09:16:08,856 - ERROR - 辽宁省政府
48 - 2020-08-12 09:16:09,954 - ERROR - 和平区政府
48 - 2020-08-12 09:17:33,357 - ERROR - 吉林省政府
48 - 2020-08-12 09:17:56,275 - ERROR - 西安区政府
48 - 2020-08-12 09:18:21,799 - ERROR - 黑龙江省政府
48 - 2020-08-12 09:20:39,296 - ERROR - 郊区政府
48 - 2020-08-12 09:21:22,603 - ERROR - 西安区政府
48 - 2020-08-12 09:21:58,783 - ERROR - 江苏省政府
48 - 2020-08-12 09:24:02,184 - ERROR - 浙江省政府
48 - 2020-08-12 09:24:20,996 - ERROR - 江北区政府
48 - 2020-08-12 09:26:16,764 - ERROR - 安徽省政府
48 - 2020-08-12 09:27:32,733 - ERROR - 郊区政府
48 - 2020-08-12 09:29:38,107 - ERROR - 福建省政府
48 - 2020-08-12 09:32:02,708 - ERROR - 江西省政府
48 - 2020-08-12 09:35:11,064 - ERROR - 山东省政府
48 - 2020-08-12 09:39:24,855 - ERROR - 河南省政府
48 - 2020-08-12 09:44:10,822 - ERROR - 湖北省政府
48 - 2020-08-12 09:47:20,966 - ERROR - 湖南省政府
48 - 2020-08-12 09:51:28,403 - ERROR - 广东省政府
48 - 2020-08-12 09:54:54,895 - ERROR - 城区政府
48 - 2020-08-12 09:55:52,934 - ERROR - 东莞市政府
48 - 2020-08-12 09:55:56,482 - ERROR - 潮州市政府
48 - 2020-08-12 09:56:04,714 - ERROR - 饶平县政府
48 - 2020-08-12 09:56:06,152 - ERROR - 揭阳市政府
48 - 2020-08-12 09:56:07,703 - ERROR - 榕城区政府
48 - 2020-08-12 09:56:10,281 - ERROR - 揭东区政府
48 - 2020-08-12 09:56:13,022 - ERROR - 揭西县政府
48 - 2020-08-12 09:56:16,242 - ERROR - 普宁市政府
48 - 2020-08-12 09:56:22,661 - ERROR - 云城区政府
48 - 2020-08-12 09:56:24,114 - ERROR - 云安区政府
48 - 2020-08-12 09:56:25,563 - ERROR - 新兴县政府
48 - 2020-08-12 09:56:28,764 - ERROR - 罗定市政府
48 - 2020-08-12 09:56:30,661 - ERROR - 广西壮族自治区政府
48 - 2020-08-12 09:56:32,132 - ERROR - 南宁市政府
48 - 2020-08-12 09:56:35,363 - ERROR - 青秀区政府
48 - 2020-08-12 09:56:36,843 - ERROR - 江南区政府
48 - 2020-08-12 09:56:40,127 - ERROR - 良庆区政府
48 - 2020-08-12 09:56:41,622 - ERROR - 邕宁区政府
48 - 2020-08-12 09:56:44,106 - ERROR - 武鸣区政府
48 - 2020-08-12 09:56:46,575 - ERROR - 隆安县政府
48 - 2020-08-12 09:56:48,063 - ERROR - 马山县政府
48 - 2020-08-12 09:56:49,625 - ERROR - 上林县政府
48 - 2020-08-12 09:56:51,362 - ERROR - 宾阳县政府
48 - 2020-08-12 09:56:58,112 - ERROR - 城中区政府
48 - 2020-08-12 09:56:59,593 - ERROR - 鱼峰区政府
48 - 2020-08-12 09:57:01,163 - ERROR - 柳南区政府
48 - 2020-08-12 09:57:02,732 - ERROR - 柳北区政府
48 - 2020-08-12 09:57:04,223 - ERROR - 柳江区政府
48 - 2020-08-12 09:57:05,714 - ERROR - 柳城县政府
48 - 2020-08-12 09:57:07,222 - ERROR - 鹿寨县政府
48 - 2020-08-12 09:57:08,767 - ERROR - 融安县政府
48 - 2020-08-12 09:57:10,252 - ERROR - 融水苗族自治县政府
48 - 2020-08-12 09:57:11,773 - ERROR - 三江侗族自治县政府
48 - 2020-08-12 09:57:13,302 - ERROR - 桂林市政府
48 - 2020-08-12 09:57:14,772 - ERROR - 秀峰区政府
48 - 2020-08-12 09:57:16,252 - ERROR - 叠彩区政府
48 - 2020-08-12 09:57:17,911 - ERROR - 象山区政府
48 - 2020-08-12 09:57:22,610 - ERROR - 七星区政府
48 - 2020-08-12 09:57:24,113 - ERROR - 雁山区政府
48 - 2020-08-12 09:57:25,594 - ERROR - 临桂区政府
48 - 2020-08-12 09:57:27,184 - ERROR - 阳朔县政府
48 - 2020-08-12 09:57:28,728 - ERROR - 灵川县政府
48 - 2020-08-12 09:57:30,235 - ERROR - 全州县政府
48 - 2020-08-12 09:57:31,722 - ERROR - 兴安县政府
48 - 2020-08-12 09:57:33,246 - ERROR - 永福县政府
48 - 2020-08-12 09:57:36,465 - ERROR - 龙胜各族自治县政府
48 - 2020-08-12 09:57:38,021 - ERROR - 资源县政府
48 - 2020-08-12 09:57:39,472 - ERROR - 平乐县政府
48 - 2020-08-12 09:57:41,043 - ERROR - 荔浦市政府
48 - 2020-08-12 09:57:42,833 - ERROR - 恭城瑶族自治县政府
48 - 2020-08-12 09:57:44,544 - ERROR - 梧州市政府
48 - 2020-08-12 09:57:46,321 - ERROR - 万秀区政府
48 - 2020-08-12 09:57:49,944 - ERROR - 龙圩区政府
48 - 2020-08-12 09:57:51,793 - ERROR - 苍梧县政府
48 - 2020-08-12 09:57:53,743 - ERROR - 藤县政府
48 - 2020-08-12 09:57:55,952 - ERROR - 蒙山县政府
48 - 2020-08-12 09:57:58,161 - ERROR - 岑溪市政府
48 - 2020-08-12 09:58:00,042 - ERROR - 北海市政府
48 - 2020-08-12 09:58:01,892 - ERROR - 海城区政府
48 - 2020-08-12 09:58:03,944 - ERROR - 银海区政府
48 - 2020-08-12 09:58:06,242 - ERROR - 铁山港区政府
48 - 2020-08-12 09:58:08,208 - ERROR - 合浦县政府
48 - 2020-08-12 09:58:10,133 - ERROR - 防城港市政府
48 - 2020-08-12 09:58:13,812 - ERROR - 防城区政府
48 - 2020-08-12 09:58:15,382 - ERROR - 上思县政府
48 - 2020-08-12 09:58:18,652 - ERROR - 钦州市政府
48 - 2020-08-12 09:58:20,372 - ERROR - 钦南区政府
48 - 2020-08-12 09:58:22,071 - ERROR - 钦北区政府
48 - 2020-08-12 09:58:23,844 - ERROR - 灵山县政府
48 - 2020-08-12 09:58:25,582 - ERROR - 浦北县政府
48 - 2020-08-12 09:58:27,322 - ERROR - 贵港市政府
48 - 2020-08-12 09:58:29,382 - ERROR - 港北区政府
48 - 2020-08-12 09:58:31,338 - ERROR - 港南区政府
48 - 2020-08-12 09:58:33,242 - ERROR - 覃塘区政府
48 - 2020-08-12 09:58:34,923 - ERROR - 平南县政府
48 - 2020-08-12 09:58:36,721 - ERROR - 桂平市政府
48 - 2020-08-12 09:58:38,404 - ERROR - 玉林市政府
48 - 2020-08-12 09:58:40,022 - ERROR - 玉州区政府
48 - 2020-08-12 09:58:41,700 - ERROR - 福绵区政府
48 - 2020-08-12 09:58:43,225 - ERROR - 容县政府
48 - 2020-08-12 09:58:44,773 - ERROR - 陆川县政府
48 - 2020-08-12 09:58:46,798 - ERROR - 博白县政府
48 - 2020-08-12 09:58:48,361 - ERROR - 兴业县政府
48 - 2020-08-12 09:58:49,942 - ERROR - 北流市政府
48 - 2020-08-12 09:58:51,472 - ERROR - 百色市政府
48 - 2020-08-12 09:58:53,030 - ERROR - 右江区政府
48 - 2020-08-12 09:58:54,562 - ERROR - 田阳区政府
48 - 2020-08-12 09:58:56,091 - ERROR - 田东县政府
48 - 2020-08-12 09:58:57,612 - ERROR - 德保县政府
48 - 2020-08-12 09:58:59,142 - ERROR - 那坡县政府
48 - 2020-08-12 09:59:00,662 - ERROR - 凌云县政府
48 - 2020-08-12 09:59:02,162 - ERROR - 乐业县政府
48 - 2020-08-12 09:59:03,745 - ERROR - 田林县政府
48 - 2020-08-12 09:59:05,326 - ERROR - 西林县政府
48 - 2020-08-12 09:59:06,902 - ERROR - 隆林各族自治县政府
48 - 2020-08-12 09:59:08,432 - ERROR - 靖西市政府
48 - 2020-08-12 09:59:10,101 - ERROR - 平果市政府
48 - 2020-08-12 09:59:11,633 - ERROR - 贺州市政府
48 - 2020-08-12 09:59:13,193 - ERROR - 八步区政府
48 - 2020-08-12 09:59:14,838 - ERROR - 平桂区政府
48 - 2020-08-12 09:59:16,554 - ERROR - 昭平县政府
48 - 2020-08-12 09:59:18,348 - ERROR - 钟山县政府
48 - 2020-08-12 09:59:19,853 - ERROR - 富川瑶族自治县政府
48 - 2020-08-12 09:59:21,413 - ERROR - 河池市政府
48 - 2020-08-12 09:59:22,955 - ERROR - 金城江区政府
48 - 2020-08-12 09:59:24,549 - ERROR - 宜州区政府
48 - 2020-08-12 09:59:26,104 - ERROR - 南丹县政府
48 - 2020-08-12 09:59:27,711 - ERROR - 天峨县政府
48 - 2020-08-12 09:59:29,295 - ERROR - 凤山县政府
48 - 2020-08-12 09:59:30,784 - ERROR - 东兰县政府
48 - 2020-08-12 09:59:32,302 - ERROR - 罗城仫佬族自治县政府
48 - 2020-08-12 09:59:33,792 - ERROR - 环江毛南族自治县政府
48 - 2020-08-12 09:59:35,321 - ERROR - 巴马瑶族自治县政府
48 - 2020-08-12 09:59:36,812 - ERROR - 都安瑶族自治县政府
48 - 2020-08-12 09:59:38,313 - ERROR - 大化瑶族自治县政府
48 - 2020-08-12 09:59:39,771 - ERROR - 来宾市政府
48 - 2020-08-12 09:59:41,282 - ERROR - 兴宾区政府
48 - 2020-08-12 09:59:42,731 - ERROR - 忻城县政府
48 - 2020-08-12 09:59:44,241 - ERROR - 象州县政府
48 - 2020-08-12 09:59:45,761 - ERROR - 武宣县政府
48 - 2020-08-12 09:59:47,285 - ERROR - 金秀瑶族自治县政府
48 - 2020-08-12 09:59:48,791 - ERROR - 合山市政府
48 - 2020-08-12 09:59:50,301 - ERROR - 崇左市政府
48 - 2020-08-12 09:59:51,802 - ERROR - 江州区政府
48 - 2020-08-12 09:59:53,280 - ERROR - 扶绥县政府
48 - 2020-08-12 09:59:54,833 - ERROR - 宁明县政府
48 - 2020-08-12 09:59:56,301 - ERROR - 龙州县政府
48 - 2020-08-12 09:59:57,835 - ERROR - 大新县政府
48 - 2020-08-12 09:59:59,327 - ERROR - 天等县政府
48 - 2020-08-12 10:00:00,823 - ERROR - 凭祥市政府
48 - 2020-08-12 10:00:02,312 - ERROR - 海南省政府
48 - 2020-08-12 10:00:03,861 - ERROR - 海口市政府
48 - 2020-08-12 10:00:05,341 - ERROR - 秀英区政府
48 - 2020-08-12 10:00:06,862 - ERROR - 龙华区政府
48 - 2020-08-12 10:00:08,341 - ERROR - 琼山区政府
48 - 2020-08-12 10:00:09,833 - ERROR - 美兰区政府
48 - 2020-08-12 10:00:11,322 - ERROR - 三亚市政府
48 - 2020-08-12 10:00:12,811 - ERROR - 海棠区政府
48 - 2020-08-12 10:00:14,331 - ERROR - 吉阳区政府
48 - 2020-08-12 10:00:15,954 - ERROR - 天涯区政府
48 - 2020-08-12 10:00:48,842 - ERROR - 崖州区政府
48 - 2020-08-12 10:00:50,442 - ERROR - 三沙市政府
48 - 2020-08-12 10:00:52,062 - ERROR - 儋州市政府
48 - 2020-08-12 10:00:53,647 - ERROR - 五指山市政府
48 - 2020-08-12 10:00:55,222 - ERROR - 琼海市政府
48 - 2020-08-12 10:00:56,790 - ERROR - 文昌市政府
48 - 2020-08-12 10:00:58,420 - ERROR - 万宁市政府
48 - 2020-08-12 10:01:00,051 - ERROR - 东方市政府
48 - 2020-08-12 10:01:01,542 - ERROR - 定安县政府
48 - 2020-08-12 10:01:03,073 - ERROR - 屯昌县政府
48 - 2020-08-12 10:01:04,571 - ERROR - 澄迈县政府
48 - 2020-08-12 10:01:06,074 - ERROR - 临高县政府
48 - 2020-08-12 10:01:07,574 - ERROR - 白沙黎族自治县政府
48 - 2020-08-12 10:01:09,062 - ERROR - 昌江黎族自治县政府
48 - 2020-08-12 10:01:10,576 - ERROR - 乐东黎族自治县政府
48 - 2020-08-12 10:01:12,075 - ERROR - 陵水黎族自治县政府
48 - 2020-08-12 10:01:13,701 - ERROR - 保亭黎族苗族自治县政府
48 - 2020-08-12 10:02:07,669 - ERROR - 琼中黎族苗族自治县政府
48 - 2020-08-12 10:02:09,300 - ERROR - 重庆市政府
48 - 2020-08-12 10:02:10,831 - ERROR - 万州区政府
48 - 2020-08-12 10:02:12,356 - ERROR - 涪陵区政府
48 - 2020-08-12 10:02:13,881 - ERROR - 渝中区政府
48 - 2020-08-12 10:02:15,381 - ERROR - 大渡口区政府
48 - 2020-08-12 10:02:16,999 - ERROR - 江北区政府
48 - 2020-08-12 10:02:18,602 - ERROR - 沙坪坝区政府
48 - 2020-08-12 10:02:20,232 - ERROR - 九龙坡区政府
48 - 2020-08-12 10:02:21,991 - ERROR - 南岸区政府
48 - 2020-08-12 10:02:23,729 - ERROR - 北碚区政府
48 - 2020-08-12 10:02:25,323 - ERROR - 綦江区政府
48 - 2020-08-12 10:02:26,912 - ERROR - 大足区政府
48 - 2020-08-12 10:02:28,505 - ERROR - 渝北区政府
48 - 2020-08-12 10:02:33,232 - ERROR - 巴南区政府
48 - 2020-08-12 10:02:34,731 - ERROR - 黔江区政府
48 - 2020-08-12 10:02:36,251 - ERROR - 长寿区政府
48 - 2020-08-12 10:02:38,765 - ERROR - 江津区政府
48 - 2020-08-12 10:02:40,241 - ERROR - 合川区政府
48 - 2020-08-12 10:02:41,762 - ERROR - 永川区政府
48 - 2020-08-12 10:02:43,271 - ERROR - 南川区政府
48 - 2020-08-12 10:02:44,861 - ERROR - 璧山区政府
48 - 2020-08-12 10:02:46,583 - ERROR - 铜梁区政府
