48 - 2020-08-12 10:16:48,861 - ERROR - 广西壮族自治区政府
48 - 2020-08-12 10:17:21,970 - ERROR - 城中区政府
48 - 2020-08-12 10:21:13,494 - ERROR - 海南省政府
48 - 2020-08-12 10:21:33,568 - ERROR - 三沙市政府
48 - 2020-08-12 10:22:28,357 - ERROR - 江北区政府
48 - 2020-08-12 10:23:39,699 - ERROR - 四川省政府
48 - 2020-08-12 10:24:52,136 - ERROR - 西区政府
48 - 2020-08-12 10:31:20,265 - ERROR - 贵州省政府
48 - 2020-08-12 10:35:16,636 - ERROR - 云南省政府
48 - 2020-08-12 10:41:25,949 - ERROR - 西藏自治区政府
48 - 2020-08-12 10:44:55,677 - ERROR - 陕西省政府
48 - 2020-08-12 10:50:13,177 - ERROR - 甘肃省政府
48 - 2020-08-12 10:54:55,476 - ERROR - 青海省政府
48 - 2020-08-12 10:55:03,606 - ERROR - 城中区政府
48 - 2020-08-12 10:57:22,606 - ERROR - 宁夏回族自治区政府
48 - 2020-08-12 10:58:41,613 - ERROR - 新疆维吾尔自治区政府
48 - 2020-08-12 10:58:58,047 - ERROR - 新市区政府
48 - 2020-08-12 11:00:17,838 - ERROR - 阿拉山口市政府
48 - 2020-08-12 11:04:39,136 - ERROR - 胡杨河市政府
48 - 2020-08-13 09:46:26,363 - ERROR - 河北省政府
48 - 2020-08-13 09:46:28,343 - ERROR - 井陉县政府
48 - 2020-08-13 09:46:30,839 - ERROR - 正定县政府
48 - 2020-08-13 09:46:33,308 - ERROR - 深泽县政府
48 - 2020-08-13 09:46:35,779 - ERROR - 元氏县政府
48 - 2020-08-13 09:46:38,238 - ERROR - 玉田县政府
48 - 2020-08-13 09:46:40,728 - ERROR - 遵化市政府
48 - 2020-08-13 09:46:42,198 - ERROR - 昌黎县政府
48 - 2020-08-13 09:49:54,037 - ERROR - 河北省政府
48 - 2020-08-13 09:49:56,187 - ERROR - 井陉县政府
49 - 2020-08-13 09:50:35,318 - ERROR - 河北省政府
49 - 2020-08-13 09:51:06,240 - ERROR - 河北省政府
49 - 2020-08-13 09:53:16,004 - ERROR - 河北省政府
49 - 2020-08-13 09:56:39,588 - ERROR - 桥东区政府
49 - 2020-08-13 09:56:52,727 - ERROR - 桥东区政府
49 - 2020-08-13 09:57:37,366 - ERROR - 郊区政府
49 - 2020-08-13 09:58:46,178 - ERROR - 西安区政府
49 - 2020-08-13 09:58:49,986 - ERROR - 郊区政府
49 - 2020-08-13 09:59:03,640 - ERROR - 郊区政府
49 - 2020-08-13 09:59:20,936 - ERROR - 城区政府
49 - 2020-08-13 09:59:26,915 - ERROR - 三沙市政府
