1597387722994	geckodriver	INFO	Listening on 127.0.0.1:57469
1597387726106	mozrunner::runner	INFO	Running command: "C:\\Program Files\\Mozilla Firefox\\firefox.exe" "--marionette" "-foreground" "-no-remote" "-profile" "D:\\UserTemp\\rust_mozprofile6g0yfy"
JavaScript error: resource://gre/modules/XULStore.jsm, line 66: Error: Can't find profile directory.
console.error: SearchCache: "_readCacheFile: Error reading cache file:" (new Error("", "(unknown module)"))
1597387729361	Marionette	INFO	Listening on port 57479
1597387729790	Marionette	WARN	TLS certificate errors will be ignored for this session
1597387770089	geckodriver	INFO	Listening on 127.0.0.1:57577
1597387773131	mozrunner::runner	INFO	Running command: "C:\\Program Files\\Mozilla Firefox\\firefox.exe" "--marionette" "-foreground" "-no-remote" "-profile" "D:\\UserTemp\\rust_mozprofilevAN8nF"
JavaScript error: resource://gre/modules/XULStore.jsm, line 66: Error: Can't find profile directory.
console.error: SearchCache: "_readCacheFile: Error reading cache file:" (new Error("", "(unknown module)"))
1597387776840	Marionette	INFO	Listening on port 57587
1597387777336	Marionette	WARN	TLS certificate errors will be ignored for this session
1597387795430	geckodriver	INFO	Listening on 127.0.0.1:57668
1597387798498	mozrunner::runner	INFO	Running command: "C:\\Program Files\\Mozilla Firefox\\firefox.exe" "--marionette" "-foreground" "-no-remote" "-profile" "D:\\UserTemp\\rust_mozprofileFlQHtI"
JavaScript error: resource://gre/modules/XULStore.jsm, line 66: Error: Can't find profile directory.
console.error: SearchCache: "_readCacheFile: Error reading cache file:" (new Error("", "(unknown module)"))
1597387802155	Marionette	INFO	Listening on port 57681
1597387802170	Marionette	WARN	TLS certificate errors will be ignored for this session
1597387838376	geckodriver	INFO	Listening on 127.0.0.1:57787
1597387841449	mozrunner::runner	INFO	Running command: "C:\\Program Files\\Mozilla Firefox\\firefox.exe" "--marionette" "-foreground" "-no-remote" "-profile" "D:\\UserTemp\\rust_mozprofile8QLBz0"
JavaScript error: resource://gre/modules/XULStore.jsm, line 66: Error: Can't find profile directory.
console.error: SearchCache: "_readCacheFile: Error reading cache file:" (new Error("", "(unknown module)"))
1597387844855	Marionette	INFO	Listening on port 57798
1597387845119	Marionette	WARN	TLS certificate errors will be ignored for this session
1597387886643	geckodriver	INFO	Listening on 127.0.0.1:57899
1597387889727	mozrunner::runner	INFO	Running command: "C:\\Program Files\\Mozilla Firefox\\firefox.exe" "--marionette" "-foreground" "-no-remote" "-profile" "D:\\UserTemp\\rust_mozprofilemWDtG2"
JavaScript error: resource://gre/modules/XULStore.jsm, line 66: Error: Can't find profile directory.
console.error: SearchCache: "_readCacheFile: Error reading cache file:" (new Error("", "(unknown module)"))
1597387893304	Marionette	INFO	Listening on port 57910
1597387893394	Marionette	WARN	TLS certificate errors will be ignored for this session
console.error: Region.jsm: "Error fetching region" (new AbortError("The operation was aborted. ", (void 0), 636))
console.error: Region.jsm: "Failed to fetch region" (new Error("NO_RESULT", "resource://gre/modules/Region.jsm", 343))
1597387946284	geckodriver	INFO	Listening on 127.0.0.1:58018
1597387949340	mozrunner::runner	INFO	Running command: "C:\\Program Files\\Mozilla Firefox\\firefox.exe" "--marionette" "-foreground" "-no-remote" "-profile" "D:\\UserTemp\\rust_mozprofiles7TQHW"
JavaScript error: resource://gre/modules/XULStore.jsm, line 66: Error: Can't find profile directory.
console.error: SearchCache: "_readCacheFile: Error reading cache file:" (new Error("", "(unknown module)"))
1597387952981	Marionette	INFO	Listening on port 58031
1597387953033	Marionette	WARN	TLS certificate errors will be ignored for this session
1597388015277	geckodriver	INFO	Listening on 127.0.0.1:58153
1597388018310	mozrunner::runner	INFO	Running command: "C:\\Program Files\\Mozilla Firefox\\firefox.exe" "--marionette" "-foreground" "-no-remote" "-profile" "D:\\UserTemp\\rust_mozprofileBiYt8G"
JavaScript error: resource://gre/modules/XULStore.jsm, line 66: Error: Can't find profile directory.
console.error: SearchCache: "_readCacheFile: Error reading cache file:" (new Error("", "(unknown module)"))
1597388021915	Marionette	INFO	Listening on port 58165
1597388022003	Marionette	WARN	TLS certificate errors will be ignored for this session
console.error: Region.jsm: "Error fetching region" (new AbortError("The operation was aborted. ", (void 0), 636))
console.error: Region.jsm: "Failed to fetch region" (new Error("NO_RESULT", "resource://gre/modules/Region.jsm", 343))
1597388074508	geckodriver	INFO	Listening on 127.0.0.1:58276
1597388077563	mozrunner::runner	INFO	Running command: "C:\\Program Files\\Mozilla Firefox\\firefox.exe" "--marionette" "-foreground" "-no-remote" "-profile" "D:\\UserTemp\\rust_mozprofileOcasYk"
JavaScript error: resource://gre/modules/XULStore.jsm, line 66: Error: Can't find profile directory.
console.error: SearchCache: "_readCacheFile: Error reading cache file:" (new Error("", "(unknown module)"))
1597388080843	Marionette	INFO	Listening on port 58288
1597388081247	Marionette	WARN	TLS certificate errors will be ignored for this session
1597388299005	geckodriver	INFO	Listening on 127.0.0.1:58612
1597388302072	mozrunner::runner	INFO	Running command: "C:\\Program Files\\Mozilla Firefox\\firefox.exe" "--marionette" "-foreground" "-no-remote" "-profile" "D:\\UserTemp\\rust_mozprofileRtyHMH"
JavaScript error: resource://gre/modules/XULStore.jsm, line 66: Error: Can't find profile directory.
console.error: SearchCache: "_readCacheFile: Error reading cache file:" (new Error("", "(unknown module)"))
1597388305876	Marionette	INFO	Listening on port 58623
1597388306262	Marionette	WARN	TLS certificate errors will be ignored for this session
1597388358602	geckodriver	INFO	Listening on 127.0.0.1:58743
1597388361649	mozrunner::runner	INFO	Running command: "C:\\Program Files\\Mozilla Firefox\\firefox.exe" "--marionette" "-foreground" "-no-remote" "-profile" "D:\\UserTemp\\rust_mozprofileUIXA6n"
JavaScript error: resource://gre/modules/XULStore.jsm, line 66: Error: Can't find profile directory.
console.error: SearchCache: "_readCacheFile: Error reading cache file:" (new Error("", "(unknown module)"))
1597388364965	Marionette	INFO	Listening on port 58753
1597388365322	Marionette	WARN	TLS certificate errors will be ignored for this session
JavaScript error: , line 0: uncaught exception: undefined
JavaScript error: , line 0: uncaught exception: undefined
JavaScript error: , line 0: uncaught exception: undefined
JavaScript error: , line 0: uncaught exception: undefined
[Parent 8592, Gecko_IOThread] WARNING: file /builds/worker/checkouts/gecko/ipc/chromium/src/base/process_util_win.cc, line 166
1597388468345	Marionette	INFO	Stopped listening on port 58753

###!!! [Child][MessageChannel::SendAndWait] Error: Channel error: cannot send/recv

1597388637520	geckodriver	INFO	Listening on 127.0.0.1:59152
1597388640573	mozrunner::runner	INFO	Running command: "C:\\Program Files\\Mozilla Firefox\\firefox.exe" "--marionette" "-foreground" "-no-remote" "-profile" "D:\\UserTemp\\rust_mozprofilebgnHI2"
JavaScript error: resource://gre/modules/XULStore.jsm, line 66: Error: Can't find profile directory.
console.error: SearchCache: "_readCacheFile: Error reading cache file:" (new Error("", "(unknown module)"))
1597388644247	Marionette	INFO	Listening on port 59162
1597388644277	Marionette	WARN	TLS certificate errors will be ignored for this session
A content process crashed and MOZ_CRASHREPORTER_SHUTDOWN is set, shutting down
[Parent 1636, Gecko_IOThread] WARNING: pipe error: 232: file /builds/worker/checkouts/gecko/ipc/chromium/src/chrome/common/ipc_channel_win.cc, line 524

###!!! [Parent][MessageChannel] Error: (msgtype=0x21004D,name=PBrowser::Msg_FlushTabState) Channel error: cannot send/recv


###!!! [Parent][MessageChannel] Error: (msgtype=0x210093,name=PBrowser::Msg_Destroy) Channel error: cannot send/recv


###!!! [Parent][MessageChannel] Error: (msgtype=0x390132,name=PContent::Msg_AsyncMessage) Channel error: cannot send/recv


###!!! [Parent][MessageChannel] Error: (msgtype=0x390132,name=PContent::Msg_AsyncMessage) Channel error: cannot send/recv


###!!! [Parent][MessageChannel] Error: (msgtype=0x390132,name=PContent::Msg_AsyncMessage) Channel error: cannot send/recv


###!!! [Parent][MessageChannel] Error: (msgtype=0x390132,name=PContent::Msg_AsyncMessage) Channel error: cannot send/recv


###!!! [Parent][MessageChannel] Error: (msgtype=0x21004D,name=PBrowser::Msg_FlushTabState) Channel error: cannot send/recv


###!!! [Parent][MessageChannel] Error: (msgtype=0x210093,name=PBrowser::Msg_Destroy) Channel error: cannot send/recv


###!!! [Parent][MessageChannel] Error: (msgtype=0x390132,name=PContent::Msg_AsyncMessage) Channel error: cannot send/recv


###!!! [Parent][MessageChannel] Error: (msgtype=0x390132,name=PContent::Msg_AsyncMessage) Channel error: cannot send/recv


###!!! [Parent][MessageChannel] Error: (msgtype=0x21004D,name=PBrowser::Msg_FlushTabState) Channel error: cannot send/recv


###!!! [Parent][MessageChannel] Error: (msgtype=0x210093,name=PBrowser::Msg_Destroy) Channel error: cannot send/recv


###!!! [Parent][MessageChannel] Error: (msgtype=0x390132,name=PContent::Msg_AsyncMessage) Channel error: cannot send/recv


###!!! [Parent][MessageChannel] Error: (msgtype=0x390132,name=PContent::Msg_AsyncMessage) Channel error: cannot send/recv


###!!! [Parent][MessageChannel] Error: (msgtype=0x390132,name=PContent::Msg_AsyncMessage) Channel error: cannot send/recv


###!!! [Parent][MessageChannel] Error: (msgtype=0x390132,name=PContent::Msg_AsyncMessage) Channel error: cannot send/recv


###!!! [Parent][MessageChannel] Error: (msgtype=0x390132,name=PContent::Msg_AsyncMessage) Channel error: cannot send/recv


###!!! [Parent][MessageChannel] Error: (msgtype=0x390132,name=PContent::Msg_AsyncMessage) Channel error: cannot send/recv


###!!! [Parent][MessageChannel] Error: (msgtype=0x390132,name=PContent::Msg_AsyncMessage) Channel error: cannot send/recv


###!!! [Parent][MessageChannel] Error: (msgtype=0x390132,name=PContent::Msg_AsyncMessage) Channel error: cannot send/recv


###!!! [Parent][MessageChannel] Error: (msgtype=0x390132,name=PContent::Msg_AsyncMessage) Channel error: cannot send/recv

1597388756509	geckodriver	INFO	Listening on 127.0.0.1:59366
1597388759570	mozrunner::runner	INFO	Running command: "C:\\Program Files\\Mozilla Firefox\\firefox.exe" "--marionette" "-foreground" "-no-remote" "-profile" "D:\\UserTemp\\rust_mozprofileygQFop"
JavaScript error: resource://gre/modules/XULStore.jsm, line 66: Error: Can't find profile directory.
console.error: SearchCache: "_readCacheFile: Error reading cache file:" (new Error("", "(unknown module)"))
1597388762652	Marionette	INFO	Listening on port 59376
1597388762751	Marionette	WARN	TLS certificate errors will be ignored for this session
console.error: services.settings: 
  main/fxmonitor-breaches Signature failed  TypeError: NetworkError when attempting to fetch resource.
console.error: services.settings: 
  main/message-groups Signature failed  TypeError: NetworkError when attempting to fetch resource.
1597388938179	geckodriver	INFO	Listening on 127.0.0.1:59618
1597388941231	mozrunner::runner	INFO	Running command: "C:\\Program Files\\Mozilla Firefox\\firefox.exe" "--marionette" "-foreground" "-no-remote" "-profile" "D:\\UserTemp\\rust_mozprofilembDaoM"
console.error: SearchCache: "_readCacheFile: Error reading cache file:" (new Error("", "(unknown module)"))
JavaScript error: resource://gre/modules/XULStore.jsm, line 66: Error: Can't find profile directory.
1597388945111	Marionette	INFO	Listening on port 59630
1597388945416	Marionette	WARN	TLS certificate errors will be ignored for this session
1597389001825	geckodriver	INFO	Listening on 127.0.0.1:59759
1597389004872	mozrunner::runner	INFO	Running command: "C:\\Program Files\\Mozilla Firefox\\firefox.exe" "--marionette" "-foreground" "-no-remote" "-profile" "D:\\UserTemp\\rust_mozprofileUCFEAQ"
JavaScript error: resource://gre/modules/XULStore.jsm, line 66: Error: Can't find profile directory.
console.error: SearchCache: "_readCacheFile: Error reading cache file:" (new Error("", "(unknown module)"))
1597389008110	Marionette	INFO	Listening on port 59771
1597389008560	Marionette	WARN	TLS certificate errors will be ignored for this session
console.error: Region.jsm: "Error fetching region" (new AbortError("The operation was aborted. ", (void 0), 636))
console.error: Region.jsm: "Failed to fetch region" (new Error("NO_RESULT", "resource://gre/modules/Region.jsm", 343))
JavaScript error: , line 0: uncaught exception: undefined
JavaScript error: , line 0: uncaught exception: undefined
JavaScript error: , line 0: uncaught exception: undefined
JavaScript error: , line 0: uncaught exception: undefined
JavaScript error: , line 0: uncaught exception: undefined
JavaScript error: , line 0: uncaught exception: undefined
JavaScript error: , line 0: uncaught exception: undefined
JavaScript error: , line 0: uncaught exception: undefined
JavaScript error: , line 0: uncaught exception: undefined
JavaScript error: https://googleads.g.doubleclick.net/pagead/ads?client=ca-pub-1309212177761596&output=html&h=280&adk=494512774&adf=1706824535&w=600&fwrn=4&fwrnh=100&lmt=1597388915&rafmt=1&to=qs&pwprc=7133223466&psa=1&guci=2.2.0.0.2.2.0.0&format=600x280&url=http%3A%2F%2Fip.bczs.net%2Fcity%2F650100&flash=0&fwr=0&rpe=1&resp_fmts=3&wgl=1&adsid=NT&dt=1597389251408&bpp=4&bdt=1285&idt=1329&shv=r20200810&cbv=r20190131&ptt=9&saldr=aa&abxe=1&cookie=ID%3D24a1608057d1dd88%3AT%3D1597389034%3AS%3DALNI_Mbz-jX2ZFmIv1WgGHJizp50CRQtuw&prev_fmts=0x0&nras=1&correlator=7147252392780&frm=20&pv=1&ga_vid=1370560521.1597389253&ga_sid=1597389253&ga_hid=335665470&ga_fc=0&icsg=8872&dssz=9&mdo=0&mso=0&u_tz=480&u_his=1&u_java=0&u_h=1080&u_w=1920&u_ah=1040&u_aw=1920&u_cd=24&u_nplug=0&u_nmime=0&adx=334&ady=159&biw=1267&bih=867&scr_x=0&scr_y=0&eid=42530557%2C42530559&oid=3&pvsid=3609794676256200&pem=201&rx=0&eae=0&fc=1920&brdim=4%2C40%2C4%2C40%2C1920%2C40%2C1296%2C975%2C1284%2C867&vis=1&rsz=%7C%7CeE%7C&abl=CS&pfx=0&fu=8328&bc=23&ifi=1&uci=a!1&fsb=1&xpc=yBhWuQWA2g&p=http%3A//ip.bczs.net&dtd=1337, line 1: ReferenceError: osdlfm is not defined
JavaScript error: , line 0: uncaught exception: undefined
JavaScript error: , line 0: uncaught exception: undefined
JavaScript error: , line 0: uncaught exception: undefined
1597389356792	geckodriver	INFO	Listening on 127.0.0.1:60266
1597389359830	mozrunner::runner	INFO	Running command: "C:\\Program Files\\Mozilla Firefox\\firefox.exe" "--marionette" "-foreground" "-no-remote" "-profile" "D:\\UserTemp\\rust_mozprofilex1c9QN"
JavaScript error: resource://gre/modules/XULStore.jsm, line 66: Error: Can't find profile directory.
console.error: SearchCache: "_readCacheFile: Error reading cache file:" (new Error("", "(unknown module)"))
1597389363001	Marionette	INFO	Listening on port 60277
1597389363498	Marionette	WARN	TLS certificate errors will be ignored for this session
JavaScript error: , line 0: uncaught exception: undefined
1597389657865	geckodriver	INFO	Listening on 127.0.0.1:60687
1597389660919	mozrunner::runner	INFO	Running command: "C:\\Program Files\\Mozilla Firefox\\firefox.exe" "--marionette" "-foreground" "-no-remote" "-profile" "D:\\UserTemp\\rust_mozprofile13dAZT"
JavaScript error: resource://gre/modules/XULStore.jsm, line 66: Error: Can't find profile directory.
console.error: SearchCache: "_readCacheFile: Error reading cache file:" (new Error("", "(unknown module)"))
1597389664286	Marionette	INFO	Listening on port 60703
1597389664597	Marionette	WARN	TLS certificate errors will be ignored for this session
JavaScript error: , line 0: uncaught exception: undefined
1597389732127	geckodriver	INFO	Listening on 127.0.0.1:60866
1597389735178	mozrunner::runner	INFO	Running command: "C:\\Program Files\\Mozilla Firefox\\firefox.exe" "--marionette" "-foreground" "-no-remote" "-profile" "D:\\UserTemp\\rust_mozprofilezOqSEd"
JavaScript error: resource://gre/modules/XULStore.jsm, line 66: Error: Can't find profile directory.
console.error: SearchCache: "_readCacheFile: Error reading cache file:" (new Error("", "(unknown module)"))
1597389739044	Marionette	INFO	Listening on port 60878
1597389739349	Marionette	WARN	TLS certificate errors will be ignored for this session
JavaScript error: , line 0: uncaught exception: undefined
1597390040185	geckodriver	INFO	Listening on 127.0.0.1:61289
1597390043253	mozrunner::runner	INFO	Running command: "C:\\Program Files\\Mozilla Firefox\\firefox.exe" "--marionette" "-foreground" "-no-remote" "-profile" "D:\\UserTemp\\rust_mozprofileWaHMxT"
JavaScript error: resource://gre/modules/XULStore.jsm, line 66: Error: Can't find profile directory.
console.error: SearchCache: "_readCacheFile: Error reading cache file:" (new Error("", "(unknown module)"))
1597390047571	Marionette	INFO	Listening on port 61301
1597390048081	Marionette	WARN	TLS certificate errors will be ignored for this session
console.error: Region.jsm: "Error fetching region" (new AbortError("The operation was aborted. ", (void 0), 636))
console.error: Region.jsm: "Failed to fetch region" (new Error("NO_RESULT", "resource://gre/modules/Region.jsm", 343))
JavaScript error: , line 0: uncaught exception: undefined
1597390236866	geckodriver	INFO	Listening on 127.0.0.1:61576
1597390239929	mozrunner::runner	INFO	Running command: "C:\\Program Files\\Mozilla Firefox\\firefox.exe" "--marionette" "-foreground" "-no-remote" "-profile" "D:\\UserTemp\\rust_mozprofileo1zM25"
JavaScript error: resource://gre/modules/XULStore.jsm, line 66: Error: Can't find profile directory.
console.error: SearchCache: "_readCacheFile: Error reading cache file:" (new Error("", "(unknown module)"))
1597390243174	Marionette	INFO	Listening on port 61587
1597390243696	Marionette	WARN	TLS certificate errors will be ignored for this session
JavaScript error: , line 0: uncaught exception: undefined
1597390739522	geckodriver	INFO	Listening on 127.0.0.1:62226
1597390742595	mozrunner::runner	INFO	Running command: "C:\\Program Files\\Mozilla Firefox\\firefox.exe" "--marionette" "-foreground" "-no-remote" "-profile" "D:\\UserTemp\\rust_mozprofilealQYea"
JavaScript error: resource://gre/modules/XULStore.jsm, line 66: Error: Can't find profile directory.
console.error: SearchCache: "_readCacheFile: Error reading cache file:" (new Error("", "(unknown module)"))
1597390746155	Marionette	INFO	Listening on port 62236
1597390746276	Marionette	WARN	TLS certificate errors will be ignored for this session
console.warn: services.settings: main/cfr sync interrupted by shutdown
[Parent 9996, Gecko_IOThread] WARNING: file /builds/worker/checkouts/gecko/ipc/chromium/src/base/process_util_win.cc, line 166
1597390754039	Marionette	INFO	Stopped listening on port 62236
1597390781769	geckodriver	INFO	Listening on 127.0.0.1:62328
1597390784821	mozrunner::runner	INFO	Running command: "C:\\Program Files\\Mozilla Firefox\\firefox.exe" "--marionette" "-foreground" "-no-remote" "-profile" "D:\\UserTemp\\rust_mozprofile8073p7"
JavaScript error: resource://gre/modules/XULStore.jsm, line 66: Error: Can't find profile directory.
console.error: SearchCache: "_readCacheFile: Error reading cache file:" (new Error("", "(unknown module)"))
1597390788722	Marionette	INFO	Listening on port 62340
1597390789015	Marionette	WARN	TLS certificate errors will be ignored for this session
1597390811594	geckodriver	INFO	Listening on 127.0.0.1:62425
1597390814639	mozrunner::runner	INFO	Running command: "C:\\Program Files\\Mozilla Firefox\\firefox.exe" "--marionette" "-foreground" "-no-remote" "-profile" "D:\\UserTemp\\rust_mozprofileaSN5nj"
JavaScript error: resource://gre/modules/XULStore.jsm, line 66: Error: Can't find profile directory.
console.error: SearchCache: "_readCacheFile: Error reading cache file:" (new Error("", "(unknown module)"))
1597390818357	Marionette	INFO	Listening on port 62437
1597390818815	Marionette	WARN	TLS certificate errors will be ignored for this session
console.error: Region.jsm: "Error fetching region" (new AbortError("The operation was aborted. ", (void 0), 636))
console.error: Region.jsm: "Failed to fetch region" (new Error("NO_RESULT", "resource://gre/modules/Region.jsm", 343))
1597390917842	geckodriver	INFO	Listening on 127.0.0.1:62630
1597390920914	mozrunner::runner	INFO	Running command: "C:\\Program Files\\Mozilla Firefox\\firefox.exe" "--marionette" "-foreground" "-no-remote" "-profile" "D:\\UserTemp\\rust_mozprofileXmLe6k"
JavaScript error: resource://gre/modules/XULStore.jsm, line 66: Error: Can't find profile directory.
console.error: SearchCache: "_readCacheFile: Error reading cache file:" (new Error("", "(unknown module)"))
1597390924439	Marionette	INFO	Listening on port 62641
1597390924602	Marionette	WARN	TLS certificate errors will be ignored for this session
console.error: Region.jsm: "Error fetching region" (new AbortError("The operation was aborted. ", (void 0), 636))
console.error: Region.jsm: "Failed to fetch region" (new Error("NO_RESULT", "resource://gre/modules/Region.jsm", 343))
JavaScript error: , line 0: uncaught exception: undefined
JavaScript error: , line 0: uncaught exception: undefined
JavaScript error: https://tpc.googlesyndication.com/pagead/js/r20200810/r20110914/client/qs_click_protection_fy2019.js, line 14: NS_ERROR_NOT_INITIALIZED: 
JavaScript error: , line 0: uncaught exception: undefined
JavaScript error: , line 0: uncaught exception: undefined
JavaScript error: , line 0: uncaught exception: undefined
JavaScript error: , line 0: uncaught exception: undefined
JavaScript error: , line 0: uncaught exception: undefined
1597393615963	Marionette	INFO	Stopped listening on port 62641

###!!! [Child][RunMessage] Error: Channel closing: too late to send/recv, messages will be lost


###!!! [Child][MessageChannel::SendAndWait] Error: Channel error: cannot send/recv

